<?xml version="1.0" encoding="UTF-8"?>
<!-- Generated by org.testng.reporters.JUnitReportReporter -->
<testsuite skipped="0" hostname="W10GY0BPQ2" name="testWorkflow.Loginpage" tests="1" failures="0" timestamp="2020-02-10T00:41:51 IST" time="6.019" errors="0">
  <testcase name="logintest" time="6.019" classname="testWorkflow.Loginpage"/>
</testsuite> <!-- testWorkflow.Loginpage -->
