<?xml version="1.0" encoding="UTF-8"?>
<!-- Generated by org.testng.reporters.JUnitReportReporter -->
<testsuite skipped="0" hostname="W10GY0BPQ2" name="testWorkflow.Loginpage" tests="1" failures="0" timestamp="2020-03-09T02:24:34 IST" time="6.194" errors="0">
  <testcase name="logintest" time="6.194" classname="testWorkflow.Loginpage"/>
</testsuite> <!-- testWorkflow.Loginpage -->
